<?xml version="1.0" encoding="UTF-8"?>
<!-- Generated by org.testng.reporters.JUnitXMLReporter -->
<testsuite ignored="0" hostname="Lenovo" failures="0" tests="9" name="Test Form Functionality" time="117.816" errors="0" timestamp="2022-01-03T17:39:33 IST">
  <testcase classname="com.test.FormInvalidData" name="onlyFirstName" time="26.678"/>
  <testcase classname="com.test.FormInvalidData" name="onlyLastName" time="4.612"/>
  <testcase classname="com.test.FormInvalidData" name="onlyJobTitle" time="21.017"/>
  <testcase classname="com.test.FormInvalidData" name="onlyValidEmail" time="12.412"/>
  <testcase classname="com.test.FormInvalidData" name="onlyInvalidEmail" time="9.559"/>
  <testcase classname="com.test.FormInvalidData" name="validPhNumber" time="8.789"/>
  <testcase classname="com.test.FormInvalidData" name="invalidPhNumber" time="7.352"/>
  <testcase classname="com.test.FormInvalidData" name="nullSubmit" time="6.16"/>
  <testcase classname="com.test.FormInvalidData" name="ValidFormSubmit" time="5.166"/>
</testsuite> <!-- Test Form Functionality -->
