<?xml version="1.0" encoding="UTF-8"?>
<!-- Generated by org.testng.reporters.JUnitXMLReporter -->
<testsuite ignored="0" hostname="LTIN317019" failures="0" tests="3" name="Default test" time="18.807" errors="0" timestamp="2021-12-30T16:58:08 IST">
  <testcase classname="com.test.VerifyCourseTest" name="getTestUrl" time="10.303"/>
  <testcase classname="com.test.VerifyCourseTest" name="selectLevelFilter" time="0.286"/>
  <testcase classname="com.test.VerifyCourseTest" name="verifyLevelSelected" time="4.881"/>
</testsuite> <!-- Default test -->
