<?xml version="1.0" encoding="UTF-8"?>
<!-- Generated by org.testng.reporters.JUnitXMLReporter -->
<testsuite ignored="0" hostname="LTIN317019" failures="0" tests="9" name="Test" time="22.986" errors="0" timestamp="2021-12-29T11:27:53 IST">
  <testcase classname="com.test.FormInvalidData" name="onlyFirstName" time="4.799"/>
  <testcase classname="com.test.FormInvalidData" name="onlyLastName" time="2.51"/>
  <testcase classname="com.test.FormInvalidData" name="onlyJobTitle" time="4.342"/>
  <testcase classname="com.test.FormInvalidData" name="onlyValidEmail" time="1.833"/>
  <testcase classname="com.test.FormInvalidData" name="onlyInvalidEmail" time="0.377"/>
  <testcase classname="com.test.FormInvalidData" name="validPhNumber" time="3.779"/>
  <testcase classname="com.test.FormInvalidData" name="invalidPhNumber" time="1.779"/>
  <testcase classname="com.test.FormInvalidData" name="nullSubmit" time="0.279"/>
  <testcase classname="com.test.FormInvalidData" name="ValidFormSubmit" time="0.41"/>
</testsuite> <!-- Test -->
