<?xml version="1.0" encoding="UTF-8"?>
<!-- Generated by org.testng.reporters.JUnitXMLReporter -->
<testsuite ignored="0" hostname="LTIN317019" failures="0" tests="9" name="Test Form Functionality" time="29.609" errors="0" timestamp="2021-12-29T12:35:21 IST">
  <testcase classname="com.test.FormInvalidData" name="onlyFirstName" time="6.436"/>
  <testcase classname="com.test.FormInvalidData" name="onlyLastName" time="3.743"/>
  <testcase classname="com.test.FormInvalidData" name="onlyJobTitle" time="5.296"/>
  <testcase classname="com.test.FormInvalidData" name="onlyValidEmail" time="0.479"/>
  <testcase classname="com.test.FormInvalidData" name="onlyInvalidEmail" time="1.986"/>
  <testcase classname="com.test.FormInvalidData" name="validPhNumber" time="2.071"/>
  <testcase classname="com.test.FormInvalidData" name="invalidPhNumber" time="2.493"/>
  <testcase classname="com.test.FormInvalidData" name="nullSubmit" time="3.568"/>
  <testcase classname="com.test.FormInvalidData" name="ValidFormSubmit" time="0.363"/>
</testsuite> <!-- Test Form Functionality -->
